TN:
SF:src/contracts/Core.sol
FN:59,Core._canMint
FNDA:5009,Core._canMint
DA:60,5009
DA:62,5009
BRDA:62,0,0,5009
BRDA:62,0,1,5009
DA:64,5009
DA:66,5009
BRDA:66,1,0,5009
BRDA:66,1,1,5007
DA:67,5007
BRDA:67,2,0,5007
BRDA:67,2,1,5007
DA:69,5007
BRDA:69,3,0,5007
BRDA:69,3,1,5007
DA:72,5007
FN:79,Core.totalSupply
FNDA:3001,Core.totalSupply
DA:80,3001
FN:88,Core.claimedOf
FNDA:2000,Core.claimedOf
DA:89,2000
FN:95,Core.pause
FNDA:3,Core.pause
DA:96,2
FN:102,Core.unpause
FNDA:5008,Core.unpause
DA:103,5007
FN:110,Core.setPrice
FNDA:1002,Core.setPrice
DA:111,1001
DA:112,1001
FN:120,Core.setMintPeriod
FNDA:3,Core.setMintPeriod
DA:121,2
BRDA:121,4,0,2
BRDA:121,4,1,1
DA:122,1
BRDA:122,5,0,1
BRDA:122,5,1,1
DA:123,1
DA:124,1
DA:126,1
FN:133,Core.setClaimableUserSupply
FNDA:3,Core.setClaimableUserSupply
DA:134,2
BRDA:134,6,0,2
BRDA:134,6,1,1
DA:135,1
DA:136,1
FN:144,Core.setUnit
FNDA:3,Core.setUnit
DA:145,2
BRDA:145,7,0,2
BRDA:145,7,1,1
DA:146,1
DA:147,1
FN:156,Core.setSupply
FNDA:0,Core.setSupply
DA:157,0
BRDA:157,8,0,-
BRDA:157,8,1,-
DA:158,0
FN:161,Core._setMaxSupply
FNDA:2000,Core._setMaxSupply
DA:162,2000
BRDA:162,9,0,2000
BRDA:162,9,1,1000
DA:164,1000
DA:165,1000
FN:168,Core._withdraw
FNDA:5002,Core._withdraw
DA:169,5002
BRDA:169,10,0,5002
BRDA:169,10,1,4002
DA:172,4002
DA:173,4002
DA:176,4002
BRDA:176,11,0,4002
BRDA:176,11,1,2001
DA:178,2001
DA:180,2001
BRDA:180,12,0,2001
BRDA:180,12,1,2001
DA:183,2001
DA:184,2001
BRDA:184,13,0,2001
BRDA:184,13,1,2001
DA:186,2001
FN:194,Core.withdraw
FNDA:5002,Core.withdraw
DA:195,5002
FN:198,Core._sendERC20
FNDA:2,Core._sendERC20
DA:199,2
FN:207,Core.rescueERC20
FNDA:3,Core.rescueERC20
DA:208,2
DA:209,2
FN:212,Core._sendERC721
FNDA:3,Core._sendERC721
DA:213,3
FN:222,Core.rescueERC721
FNDA:4,Core.rescueERC721
DA:223,3
FN:227,Core._processPayment
FNDA:2,Core._processPayment
DA:228,2
BRDA:228,14,0,2
BRDA:228,14,1,2
DA:229,2
DA:230,2
BRDA:230,15,0,2
BRDA:230,15,1,1
FNF:18
FNH:17
LF:47
LH:45
BRF:32
BRH:30
end_of_record
TN:
SF:src/contracts/ERC721Crate.sol
FN:37,ERC721Crate._canMint
FNDA:5009,ERC721Crate._canMint
DA:38,5009
DA:40,5007
FN:46,ERC721Crate.
FNDA:30,ERC721Crate.
DA:47,30
FN:60,ERC721Crate.initialize
FNDA:1030,ERC721Crate.initialize
DA:73,1030
FN:87,ERC721Crate._initialize
FNDA:1030,ERC721Crate._initialize
DA:99,1030
DA:100,1030
DA:102,1030
DA:103,1030
DA:104,501
DA:105,501
DA:107,501
DA:108,501
DA:109,501
DA:111,501
DA:112,501
DA:113,501
DA:115,501
DA:116,501
DA:117,501
FN:122,ERC721Crate.supportsInterface
FNDA:1000,ERC721Crate.supportsInterface
DA:129,1000
FN:141,ERC721Crate._handleMint
FNDA:5009,ERC721Crate._handleMint
DA:142,5009
DA:144,5007
DA:147,5007
DA:151,5007
FN:160,ERC721Crate._mintBatch
FNDA:7007,ERC721Crate._mintBatch
DA:163,7007
BRDA:163,0,0,7007
BRDA:163,0,1,7007
DA:166,7007
DA:169,7006
DA:170,7006
DA:171,203595
DA:172,203595
DA:174,7006
FN:185,ERC721Crate._handleMintWithList
FNDA:5000,ERC721Crate._handleMintWithList
DA:196,5000
DA:198,5000
DA:200,2000
BRDA:200,1,0,2000
BRDA:200,1,1,2000
DA:202,2000
BRDA:202,2,0,2000
BRDA:202,2,1,2000
DA:204,2000
BRDA:204,3,0,2000
BRDA:204,3,1,2000
DA:206,2000
DA:207,2000
FN:214,ERC721Crate.mint
FNDA:3,ERC721Crate.mint
DA:215,3
FN:223,ERC721Crate.mint
FNDA:1001,ERC721Crate.mint
DA:224,1001
FN:233,ERC721Crate.mint
FNDA:3004,ERC721Crate.mint
DA:234,3005
FN:245,ERC721Crate.mint
FNDA:1000,ERC721Crate.mint
DA:246,1000
FN:258,ERC721Crate.mint
FNDA:5000,ERC721Crate.mint
DA:269,5000
FN:275,ERC721Crate.setSupply
FNDA:3000,ERC721Crate.setSupply
DA:276,3000
BRDA:276,4,0,3000
BRDA:276,4,1,2000
DA:277,2000
FN:282,ERC721Crate.setList
FNDA:6001,ERC721Crate.setList
DA:298,6001
FN:301,ERC721Crate.pauseList
FNDA:1000,ERC721Crate.pauseList
DA:302,1000
FN:305,ERC721Crate.unpauseList
FNDA:1000,ERC721Crate.unpauseList
DA:306,1000
FN:309,ERC721Crate.deleteList
FNDA:1000,ERC721Crate.deleteList
DA:310,1000
FN:315,ERC721Crate.setRoyalties
FNDA:3000,ERC721Crate.setRoyalties
DA:316,3000
DA:317,2000
FN:320,ERC721Crate.setTokenRoyalties
FNDA:4000,ERC721Crate.setTokenRoyalties
DA:321,4000
DA:322,3000
FN:325,ERC721Crate.disableRoyalties
FNDA:3000,ERC721Crate.disableRoyalties
DA:326,3000
FN:331,ERC721Crate.setBlacklist
FNDA:2001,ERC721Crate.setBlacklist
DA:332,2001
FN:337,ERC721Crate.setReferralFee
FNDA:3000,ERC721Crate.setReferralFee
DA:338,3000
FN:343,ERC721Crate._processPayment
FNDA:3,ERC721Crate._processPayment
DA:344,3
DA:345,3
BRDA:345,5,0,3
BRDA:345,5,1,2
DA:346,1
DA:349,2
BRDA:349,6,0,2
BRDA:349,6,1,1
DA:351,1
FNF:24
FNH:24
LF:61
LH:61
BRF:14
BRH:14
end_of_record
TN:
SF:src/contracts/extensions/blacklist/BlacklistExt.sol
FN:33,BlacklistExt.getBlacklist
FNDA:3000,BlacklistExt.getBlacklist
DA:34,3000
FN:44,BlacklistExt._setBlacklist
FNDA:2001,BlacklistExt._setBlacklist
DA:45,2001
DA:46,251647
BRDA:46,0,0,125824
BRDA:46,0,1,125824
DA:47,125823
DA:49,2001
FN:57,BlacklistExt._enforceBlacklist
FNDA:7007,BlacklistExt._enforceBlacklist
DA:58,7007
DA:59,7007
DA:60,7007
DA:62,2
DA:63,2
DA:64,2
BRDA:64,1,0,2
BRDA:64,1,1,1
DA:65,1
FNF:3
FNH:3
LF:12
LH:12
BRF:4
BRH:4
end_of_record
TN:
SF:src/contracts/extensions/lists/MintlistExt.sol
FN:40,MintlistExt._validate
FNDA:6001,MintlistExt._validate
DA:51,6001
BRDA:51,0,0,6001
BRDA:51,0,1,6001
DA:53,6001
BRDA:53,1,0,6001
BRDA:53,1,1,6001
DA:55,6001
BRDA:55,2,0,6001
BRDA:55,2,1,6001
DA:57,6001
BRDA:57,3,0,6001
BRDA:57,3,1,6001
FN:60,MintlistExt.getList
FNDA:2000,MintlistExt.getList
DA:61,2000
FN:64,MintlistExt.listClaimedOf
FNDA:2000,MintlistExt.listClaimedOf
DA:65,2000
FN:68,MintlistExt._updateReserved
FNDA:7001,MintlistExt._updateReserved
DA:80,7001
BRDA:80,4,0,4489
BRDA:80,4,1,2512
DA:81,4489
BRDA:81,5,0,4489
BRDA:81,5,1,3489
DA:82,4489
DA:83,4489
BRDA:83,6,0,4489
BRDA:83,6,1,3489
DA:85,0
DA:87,2512
BRDA:87,7,0,2512
BRDA:87,7,1,2512
DA:88,1000
DA:89,1000
FN:94,MintlistExt._setList
FNDA:6001,MintlistExt._setList
DA:110,6001
DA:113,6001
DA:115,6001
DA:116,6001
BRDA:116,8,0,6001
BRDA:116,8,1,6001
DA:117,6001
DA:119,5001
DA:120,5001
DA:121,5001
DA:122,5001
DA:123,5001
DA:124,5001
DA:125,5001
DA:126,5001
DA:127,5001
DA:129,5001
FN:132,MintlistExt._pauseList
FNDA:2000,MintlistExt._pauseList
DA:133,2000
DA:135,2000
DA:137,2000
BRDA:137,9,0,2000
BRDA:137,9,1,2000
DA:139,2000
DA:140,2000
FN:143,MintlistExt._deleteList
FNDA:1000,MintlistExt._deleteList
DA:144,1000
DA:146,1000
DA:148,1000
BRDA:148,10,0,1000
BRDA:148,10,1,1000
DA:150,1000
DA:152,1000
DA:154,1000
FN:157,MintlistExt._requireListExists
FNDA:3000,MintlistExt._requireListExists
DA:158,3000
BRDA:158,11,0,3000
BRDA:158,11,1,3000
FN:161,MintlistExt._requireUnreservedSupply
FNDA:5007,MintlistExt._requireUnreservedSupply
DA:162,5007
BRDA:162,12,0,5007
BRDA:162,12,1,5007
FN:165,MintlistExt._canMintList
FNDA:5000,MintlistExt._canMintList
DA:173,5000
DA:174,5000
BRDA:174,13,0,5000
BRDA:174,13,1,4000
DA:177,4000
DA:178,4000
BRDA:178,14,0,4000
BRDA:178,14,1,4000
DA:180,4000
DA:184,4000
DA:185,4000
BRDA:185,15,0,4000
BRDA:185,15,1,3000
DA:187,3000
DA:188,3000
BRDA:188,16,0,3000
BRDA:188,16,1,3000
DA:191,3000
BRDA:191,17,0,3000
BRDA:191,17,1,2000
DA:192,1000
DA:196,2000
DA:197,2000
FNF:10
FNH:10
LF:55
LH:54
BRF:36
BRH:36
end_of_record
TN:
SF:src/contracts/extensions/lockable/LockableExt.sol
FN:24,LockableExt._lock
FNDA:0,LockableExt._lock
DA:25,0
BRDA:25,0,0,-
BRDA:25,0,1,-
DA:26,0
FN:29,LockableExt._unlock
FNDA:0,LockableExt._unlock
DA:30,0
BRDA:30,1,0,-
BRDA:30,1,1,-
DA:31,0
FNF:2
FNH:0
LF:4
LH:0
BRF:4
BRH:0
end_of_record
TN:
SF:src/contracts/extensions/referral/ReferralExt.sol
FN:35,ReferralExt._handleReferral
FNDA:10007,ReferralExt._handleReferral
DA:36,10007
BRDA:36,0,0,1000
BRDA:36,0,1,1000
DA:37,1000
BRDA:37,1,0,1000
BRDA:37,1,1,1000
DA:44,1000
DA:46,1000
DA:47,1000
BRDA:47,2,0,1000
BRDA:47,2,1,1000
DA:49,1000
FN:53,ReferralExt._setReferralFee
FNDA:3000,ReferralExt._setReferralFee
DA:54,3000
BRDA:54,3,0,3000
BRDA:54,3,1,2000
DA:55,2000
DA:56,2000
FNF:2
FNH:2
LF:9
LH:9
BRF:8
BRH:8
end_of_record
TN:
SF:src/contracts/extensions/royalty/RoyaltyExt.sol
FN:31,RoyaltyExt._requireRoyaltiesEnabled
FNDA:10000,RoyaltyExt._requireRoyaltiesEnabled
DA:33,10000
DA:34,10000
BRDA:34,0,0,10000
BRDA:34,0,1,8000
FN:37,RoyaltyExt._setRoyalties
FNDA:3030,RoyaltyExt._setRoyalties
DA:38,3030
BRDA:38,1,0,3030
BRDA:38,1,1,1501
DA:41,1501
DA:42,1501
DA:44,1501
FN:47,RoyaltyExt._setTokenRoyalties
FNDA:3000,RoyaltyExt._setTokenRoyalties
DA:48,3000
BRDA:48,2,0,3000
BRDA:48,2,1,1000
DA:51,1000
BRDA:51,3,0,1000
BRDA:51,3,1,1000
DA:54,1000
BRDA:54,4,0,1000
BRDA:54,4,1,1000
DA:55,1000
DA:57,1000
FN:60,RoyaltyExt._disableRoyalties
FNDA:3000,RoyaltyExt._disableRoyalties
DA:61,3000
DA:63,3000
DA:64,3000
DA:66,3000
FN:69,RoyaltyExt.supportsInterface
FNDA:1000,RoyaltyExt.supportsInterface
DA:70,1000
FNF:5
FNH:5
LF:16
LH:16
BRF:10
BRH:10
end_of_record
TN:
SF:src/contracts/metadata/CoreMetadata.sol
FN:74,CoreMetadata.contractURI
FNDA:1471,CoreMetadata.contractURI
DA:75,1471
FN:81,CoreMetadata.baseURI
FNDA:1471,CoreMetadata.baseURI
DA:82,1471
FN:85,CoreMetadata._tokenURI
FNDA:2,CoreMetadata._tokenURI
DA:86,2
DA:88,2
BRDA:88,0,0,2
BRDA:88,0,1,1
DA:89,1
DA:92,1
DA:94,1
FN:104,CoreMetadata._setContractURI
FNDA:1501,CoreMetadata._setContractURI
DA:105,1501
DA:106,1501
FN:114,CoreMetadata._setBaseURI
FNDA:2501,CoreMetadata._setBaseURI
DA:115,2501
BRDA:115,1,0,2501
BRDA:115,1,1,1501
DA:116,1501
DA:117,1501
DA:119,1501
FN:122,CoreMetadata._setTokenURI
FNDA:1,CoreMetadata._setTokenURI
DA:123,1
BRDA:123,2,0,1
BRDA:123,2,1,1
DA:124,1
DA:126,1
FN:133,CoreMetadata._freezeURI
FNDA:1001,CoreMetadata._freezeURI
DA:134,1001
DA:136,1001
FN:143,CoreMetadata._freezeTokenURI
FNDA:1,CoreMetadata._freezeTokenURI
DA:144,1
BRDA:144,3,0,1
BRDA:144,3,1,-
DA:146,0
DA:148,0
DA:149,0
DA:151,0
FNF:8
FNH:8
LF:23
LH:19
BRF:8
BRH:7
end_of_record
TN:
SF:src/contracts/metadata/CoreMetadata1155.sol
FN:28,CoreMetadata1155.uri
FNDA:0,CoreMetadata1155.uri
DA:29,0
FNF:1
FNH:0
LF:1
LH:0
BRF:0
BRH:0
end_of_record
TN:
SF:src/contracts/metadata/CoreMetadata721.sol
FN:29,CoreMetadata721.name
FNDA:471,CoreMetadata721.name
DA:30,471
FN:33,CoreMetadata721.symbol
FNDA:471,CoreMetadata721.symbol
DA:34,471
FN:38,CoreMetadata721.tokenURI
FNDA:3,CoreMetadata721.tokenURI
DA:45,3
BRDA:45,0,0,3
BRDA:45,0,1,1
DA:46,1
FN:49,CoreMetadata721.setContractURI
FNDA:1501,CoreMetadata721.setContractURI
DA:50,1501
FN:58,CoreMetadata721.setTokenURI
FNDA:1,CoreMetadata721.setTokenURI
DA:59,1
DA:61,1
FN:64,CoreMetadata721.setBaseURI
FNDA:2501,CoreMetadata721.setBaseURI
DA:65,2501
DA:67,1501
FN:70,CoreMetadata721.freezeURI
FNDA:1001,CoreMetadata721.freezeURI
DA:71,1001
FN:74,CoreMetadata721.freezeTokenURI
FNDA:1,CoreMetadata721.freezeTokenURI
DA:75,1
FN:78,CoreMetadata721.supportsInterface
FNDA:1000,CoreMetadata721.supportsInterface
DA:79,1000
DA:80,1000
DA:81,1000
FNF:9
FNH:9
LF:14
LH:14
BRF:2
BRH:2
end_of_record
TN:
SF:src/test/utils/MockERC20.sol
FN:19,MockERC20.
FNDA:0,MockERC20.
DA:20,0
DA:21,0
FN:24,MockERC20.name
FNDA:0,MockERC20.name
DA:25,0
FN:28,MockERC20.symbol
FNDA:0,MockERC20.symbol
DA:29,0
FN:32,MockERC20.mint
FNDA:40,MockERC20.mint
DA:33,40
FNF:4
FNH:1
LF:5
LH:1
BRF:0
BRH:0
end_of_record
TN:
SF:src/test/utils/MockERC721.sol
FN:19,MockERC721.
FNDA:0,MockERC721.
DA:20,0
DA:21,0
FN:24,MockERC721.name
FNDA:0,MockERC721.name
DA:25,0
FN:28,MockERC721.symbol
FNDA:0,MockERC721.symbol
DA:29,0
FN:32,MockERC721.mint
FNDA:100,MockERC721.mint
DA:33,100
FN:36,MockERC721.tokenURI
FNDA:0,MockERC721.tokenURI
DA:37,0
FNF:5
FNH:1
LF:6
LH:1
BRF:0
BRH:0
end_of_record
