TN:
SF:src/contracts/Core.sol
FN:59,Core._canMint
FNDA:5144,Core._canMint
DA:60,5144
DA:62,5144
DA:64,5144
DA:66,5144
DA:67,5142
DA:69,5142
DA:72,5142
FN:79,Core.totalSupply
FNDA:3082,Core.totalSupply
DA:80,3082
FN:88,Core.claimedOf
FNDA:2054,Core.claimedOf
DA:89,2054
FN:95,Core.pause
FNDA:3,Core.pause
DA:96,2
FN:102,Core.unpause
FNDA:5143,Core.unpause
DA:103,5142
FN:110,Core.setPrice
FNDA:1004,Core.setPrice
DA:111,1003
DA:112,1003
FN:120,Core.setMintPeriod
FNDA:3,Core.setMintPeriod
DA:121,2
DA:122,1
DA:123,1
DA:124,1
DA:126,1
FN:133,Core.setClaimableUserSupply
FNDA:3,Core.setClaimableUserSupply
DA:134,2
DA:135,1
DA:136,1
FN:144,Core.setUnit
FNDA:3,Core.setUnit
DA:145,2
DA:146,1
DA:147,1
FN:156,Core.setSupply
FNDA:0,Core.setSupply
DA:157,0
DA:158,0
FN:161,Core._setMaxSupply
FNDA:2054,Core._setMaxSupply
DA:162,2054
DA:164,1027
DA:165,1027
FN:168,Core._withdraw
FNDA:5137,Core._withdraw
DA:169,5137
DA:172,4110
DA:173,4110
DA:176,4110
DA:178,2055
DA:180,2055
DA:183,2055
DA:184,2055
DA:186,2055
FN:194,Core.withdraw
FNDA:5137,Core.withdraw
DA:195,5137
FN:198,Core._sendERC20
FNDA:2,Core._sendERC20
DA:199,2
FN:207,Core.rescueERC20
FNDA:3,Core.rescueERC20
DA:208,2
DA:209,2
FN:212,Core._sendERC721
FNDA:3,Core._sendERC721
DA:213,3
FN:222,Core.rescueERC721
FNDA:4,Core.rescueERC721
DA:223,3
FN:227,Core._processPayment
FNDA:2,Core._processPayment
DA:228,2
DA:229,2
DA:230,2
FNF:18
FNH:17
LF:47
LH:45
BRF:0
BRH:0
end_of_record
TN:
SF:src/contracts/ERC721Crate.sol
FN:37,ERC721Crate._canMint
FNDA:5144,ERC721Crate._canMint
DA:38,5144
DA:40,5142
FN:46,ERC721Crate.
FNDA:29,ERC721Crate.
DA:47,29
FN:60,ERC721Crate.initialize
FNDA:1053,ERC721Crate.initialize
DA:73,1053
FN:87,ERC721Crate._initialize
FNDA:1053,ERC721Crate._initialize
DA:99,1053
DA:100,1053
DA:102,1053
DA:103,1053
DA:104,490
DA:105,490
DA:107,490
DA:108,490
DA:109,490
DA:111,490
DA:112,490
DA:113,490
DA:115,490
DA:116,490
DA:117,490
FN:122,ERC721Crate.supportsInterface
FNDA:1027,ERC721Crate.supportsInterface
DA:129,1027
FN:141,ERC721Crate._handleMint
FNDA:5144,ERC721Crate._handleMint
DA:142,5144
DA:144,5142
DA:147,5142
DA:151,5142
FN:160,ERC721Crate._mintBatch
FNDA:7196,ERC721Crate._mintBatch
DA:163,7196
DA:166,7196
DA:169,7195
DA:170,7195
DA:171,208313
DA:172,208313
DA:174,7195
FN:185,ERC721Crate._handleMintWithList
FNDA:5135,ERC721Crate._handleMintWithList
DA:196,5135
DA:198,5135
DA:200,2054
DA:202,2054
DA:204,2054
DA:206,2054
DA:207,2054
FN:214,ERC721Crate.mint
FNDA:3,ERC721Crate.mint
DA:215,3
FN:223,ERC721Crate.mint
FNDA:1028,ERC721Crate.mint
DA:224,1028
FN:233,ERC721Crate.mint
FNDA:3085,ERC721Crate.mint
DA:234,3086
FN:245,ERC721Crate.mint
FNDA:1027,ERC721Crate.mint
DA:246,1027
FN:258,ERC721Crate.mint
FNDA:5135,ERC721Crate.mint
DA:269,5135
FN:275,ERC721Crate.setSupply
FNDA:3081,ERC721Crate.setSupply
DA:276,3081
DA:277,2054
FN:282,ERC721Crate.setList
FNDA:298058,ERC721Crate.setList
DA:298,298058
FN:301,ERC721Crate.pauseList
FNDA:1027,ERC721Crate.pauseList
DA:302,1027
FN:305,ERC721Crate.unpauseList
FNDA:1027,ERC721Crate.unpauseList
DA:306,1027
FN:309,ERC721Crate.deleteList
FNDA:1027,ERC721Crate.deleteList
DA:310,1027
FN:315,ERC721Crate.setRoyalties
FNDA:3081,ERC721Crate.setRoyalties
DA:316,3081
DA:317,2054
FN:320,ERC721Crate.setTokenRoyalties
FNDA:4108,ERC721Crate.setTokenRoyalties
DA:321,4108
DA:322,3081
FN:325,ERC721Crate.disableRoyalties
FNDA:3081,ERC721Crate.disableRoyalties
DA:326,3081
FN:331,ERC721Crate.setBlacklist
FNDA:2053,ERC721Crate.setBlacklist
DA:332,2053
FN:337,ERC721Crate.setReferralFee
FNDA:3081,ERC721Crate.setReferralFee
DA:338,3081
FN:343,ERC721Crate._processPayment
FNDA:3,ERC721Crate._processPayment
DA:344,3
DA:345,1
BRDA:345,5,0,1
DA:346,1
DA:349,2
DA:351,1
FNF:24
FNH:24
LF:61
LH:61
BRF:1
BRH:1
end_of_record
TN:
SF:src/contracts/extensions/blacklist/BlacklistExt.sol
FN:33,BlacklistExt.getBlacklist
FNDA:3078,BlacklistExt.getBlacklist
DA:34,3078
FN:44,BlacklistExt._setBlacklist
FNDA:2053,BlacklistExt._setBlacklist
DA:45,2053
DA:49,2053
FN:57,BlacklistExt._enforceBlacklist
FNDA:7196,BlacklistExt._enforceBlacklist
DA:58,7196
DA:59,7196
DA:60,7196
DA:62,2
DA:63,2
DA:64,2
DA:65,1
FNF:3
FNH:3
LF:10
LH:10
BRF:0
BRH:0
end_of_record
TN:
SF:src/contracts/extensions/lists/MintlistExt.sol
FN:40,MintlistExt._validate
FNDA:298058,MintlistExt._validate
DA:51,298058
DA:53,298058
DA:55,262193
DA:57,262193
FN:60,MintlistExt.getList
FNDA:101405,MintlistExt.getList
DA:62,101405
FN:65,MintlistExt.listClaimedOf
FNDA:2054,MintlistExt.listClaimedOf
DA:66,2054
FN:69,MintlistExt._updateReserved
FNDA:148119,MintlistExt._updateReserved
DA:81,148119
BRDA:81,4,0,1642
BRDA:81,4,1,21026
DA:82,71044
BRDA:82,5,0,40481
BRDA:82,5,1,24368
DA:83,46676
DA:84,46676
DA:85,24368
BRDA:85,7,0,1642
DA:86,1642
DA:88,21026
BRDA:88,8,0,21026
DA:89,21026
DA:90,21026
FN:96,MintlistExt._setList
FNDA:298058,MintlistExt._setList
DA:112,298058
DA:115,147092
DA:117,147092
DA:118,147092
DA:119,147092
DA:121,106611
DA:122,106611
DA:123,106611
DA:124,106611
DA:125,106611
DA:126,106611
DA:127,106611
DA:128,106611
DA:129,106611
DA:131,106611
FN:134,MintlistExt._pauseList
FNDA:2054,MintlistExt._pauseList
DA:135,2054
DA:137,2054
DA:139,2054
DA:141,2054
DA:142,2054
FN:145,MintlistExt._deleteList
FNDA:1027,MintlistExt._deleteList
DA:146,1027
DA:148,1027
DA:150,1027
DA:152,1027
DA:154,1027
DA:156,1027
FN:159,MintlistExt._requireListExists
FNDA:3081,MintlistExt._requireListExists
DA:160,3081
FN:163,MintlistExt._requireUnreservedSupply
FNDA:5142,MintlistExt._requireUnreservedSupply
DA:164,5142
FN:167,MintlistExt._canMintList
FNDA:5135,MintlistExt._canMintList
DA:175,5135
DA:179,4108
DA:180,4108
DA:182,4108
DA:186,4108
DA:187,4108
DA:189,3081
DA:190,3081
DA:193,3081
BRDA:193,19,0,1027
DA:194,1027
DA:198,2054
DA:199,2054
FNF:10
FNH:10
LF:55
LH:55
BRF:7
BRH:7
end_of_record
TN:
SF:src/contracts/extensions/lockable/LockableExt.sol
FN:24,LockableExt._lock
FNDA:0,LockableExt._lock
DA:25,0
DA:26,0
FN:29,LockableExt._unlock
FNDA:0,LockableExt._unlock
DA:30,0
DA:31,0
FNF:2
FNH:0
LF:4
LH:0
BRF:0
BRH:0
end_of_record
TN:
SF:src/contracts/extensions/referral/ReferralExt.sol
FN:35,ReferralExt._handleReferral
FNDA:10277,ReferralExt._handleReferral
DA:36,10277
BRDA:36,0,0,1027
DA:37,1027
DA:44,1027
DA:46,1027
DA:47,1027
DA:49,1027
FN:53,ReferralExt._setReferralFee
FNDA:3081,ReferralExt._setReferralFee
DA:54,3081
DA:55,2054
DA:56,2054
FNF:2
FNH:2
LF:9
LH:9
BRF:1
BRH:1
end_of_record
TN:
SF:src/contracts/extensions/royalty/RoyaltyExt.sol
FN:31,RoyaltyExt._requireRoyaltiesEnabled
FNDA:10270,RoyaltyExt._requireRoyaltiesEnabled
DA:33,10270
DA:34,10270
FN:37,RoyaltyExt._setRoyalties
FNDA:3107,RoyaltyExt._setRoyalties
DA:38,3107
DA:41,1517
DA:42,1517
DA:44,1517
FN:47,RoyaltyExt._setTokenRoyalties
FNDA:3081,RoyaltyExt._setTokenRoyalties
DA:48,3081
DA:51,1027
DA:54,1027
DA:57,1027
FN:60,RoyaltyExt._disableRoyalties
FNDA:3081,RoyaltyExt._disableRoyalties
DA:61,3081
DA:63,3081
DA:64,3081
DA:66,3081
FN:69,RoyaltyExt.supportsInterface
FNDA:1027,RoyaltyExt.supportsInterface
DA:70,1027
FNF:5
FNH:5
LF:15
LH:15
BRF:0
BRH:0
end_of_record
TN:
SF:src/contracts/metadata/CoreMetadata.sol
FN:74,CoreMetadata.contractURI
FNDA:1486,CoreMetadata.contractURI
DA:75,1486
FN:81,CoreMetadata.baseURI
FNDA:1486,CoreMetadata.baseURI
DA:82,1486
FN:85,CoreMetadata._tokenURI
FNDA:2,CoreMetadata._tokenURI
DA:86,2
DA:88,2
BRDA:88,0,0,1
DA:89,1
DA:92,1
DA:94,1
FN:104,CoreMetadata._setContractURI
FNDA:1515,CoreMetadata._setContractURI
DA:105,1515
DA:106,1515
FN:114,CoreMetadata._setBaseURI
FNDA:2540,CoreMetadata._setBaseURI
DA:116,1515
DA:117,1515
DA:119,1515
FN:122,CoreMetadata._setTokenURI
FNDA:1,CoreMetadata._setTokenURI
DA:123,1
DA:124,1
DA:126,1
FN:133,CoreMetadata._freezeURI
FNDA:1026,CoreMetadata._freezeURI
DA:134,1026
DA:136,1026
FN:143,CoreMetadata._freezeTokenURI
FNDA:1,CoreMetadata._freezeTokenURI
DA:146,0
DA:148,0
DA:149,0
DA:151,0
FNF:8
FNH:8
LF:21
LH:17
BRF:1
BRH:1
end_of_record
TN:
SF:src/contracts/metadata/CoreMetadata1155.sol
FN:28,CoreMetadata1155.uri
FNDA:0,CoreMetadata1155.uri
DA:29,0
FNF:1
FNH:0
LF:1
LH:0
BRF:0
BRH:0
end_of_record
TN:
SF:src/contracts/metadata/CoreMetadata721.sol
FN:29,CoreMetadata721.name
FNDA:461,CoreMetadata721.name
DA:30,461
FN:33,CoreMetadata721.symbol
FNDA:461,CoreMetadata721.symbol
DA:34,461
FN:38,CoreMetadata721.tokenURI
FNDA:3,CoreMetadata721.tokenURI
DA:45,3
DA:46,1
FN:49,CoreMetadata721.setContractURI
FNDA:1515,CoreMetadata721.setContractURI
DA:50,1515
FN:58,CoreMetadata721.setTokenURI
FNDA:1,CoreMetadata721.setTokenURI
DA:59,1
DA:61,1
FN:64,CoreMetadata721.setBaseURI
FNDA:2540,CoreMetadata721.setBaseURI
DA:65,2540
DA:67,1515
FN:70,CoreMetadata721.freezeURI
FNDA:1026,CoreMetadata721.freezeURI
DA:71,1026
FN:74,CoreMetadata721.freezeTokenURI
FNDA:1,CoreMetadata721.freezeTokenURI
DA:75,1
FN:78,CoreMetadata721.supportsInterface
FNDA:1027,CoreMetadata721.supportsInterface
DA:79,1027
DA:80,1027
DA:81,1027
FNF:9
FNH:9
LF:14
LH:14
BRF:0
BRH:0
end_of_record
TN:
SF:src/test/utils/MockERC20.sol
FN:19,MockERC20.
FNDA:0,MockERC20.
DA:20,0
DA:21,0
FN:24,MockERC20.name
FNDA:0,MockERC20.name
DA:25,0
FN:28,MockERC20.symbol
FNDA:0,MockERC20.symbol
DA:29,0
FN:32,MockERC20.mint
FNDA:39,MockERC20.mint
DA:33,39
FNF:4
FNH:1
LF:5
LH:1
BRF:0
BRH:0
end_of_record
TN:
SF:src/test/utils/MockERC721.sol
FN:19,MockERC721.
FNDA:0,MockERC721.
DA:20,0
DA:21,0
FN:24,MockERC721.name
FNDA:0,MockERC721.name
DA:25,0
FN:28,MockERC721.symbol
FNDA:0,MockERC721.symbol
DA:29,0
FN:32,MockERC721.mint
FNDA:97,MockERC721.mint
DA:33,97
FN:36,MockERC721.tokenURI
FNDA:0,MockERC721.tokenURI
DA:37,0
FNF:5
FNH:1
LF:6
LH:1
BRF:0
BRH:0
end_of_record
